<?xml version="1.0" encoding="UTF-8"?>
<!-- Generated by org.testng.reporters.JUnitXMLReporter -->
<testsuite hostname="CDC5-L-54227L3" ignored="0" name="Default test" tests="3" failures="0" timestamp="2020-06-05T23:03:09 IST" time="71.438" errors="0">
  <testcase name="verifyfacebook" time="24.332" classname="excel.Facebook"/>
  <testcase name="verifyfacebook" time="24.605" classname="excel.Facebook"/>
  <testcase name="verifyfacebook" time="20.335" classname="excel.Facebook"/>
</testsuite> <!-- Default test -->
