<?xml version="1.0" encoding="UTF-8"?>
<testng-results skipped="0" failed="0" ignored="0" total="3" passed="3">
  <reporter-output>
  </reporter-output>
  <suite name="Default suite" duration-ms="71438" started-at="2020-06-05T23:01:58 IST" finished-at="2020-06-05T23:03:09 IST">
    <groups>
    </groups>
    <test name="Default test" duration-ms="71438" started-at="2020-06-05T23:01:58 IST" finished-at="2020-06-05T23:03:09 IST">
      <class name="excel.Facebook">
        <test-method status="PASS" signature="verifyfacebook(java.lang.String, java.lang.String)[pri:0, instance:excel.Facebook@45afc369]" name="verifyfacebook" duration-ms="24332" started-at="2020-06-05T23:02:00 IST" data-provider="Facebooktestdata" finished-at="2020-06-05T23:02:24 IST">
          <params>
            <param index="0">
              <value>
                <![CDATA[Username ]]>
              </value>
            </param>
            <param index="1">
              <value>
                <![CDATA[Password1]]>
              </value>
            </param>
          </params>
          <reporter-output>
          </reporter-output>
        </test-method> <!-- verifyfacebook -->
        <test-method status="PASS" signature="verifyfacebook(java.lang.String, java.lang.String)[pri:0, instance:excel.Facebook@45afc369]" name="verifyfacebook" duration-ms="24605" started-at="2020-06-05T23:02:24 IST" data-provider="Facebooktestdata" finished-at="2020-06-05T23:02:49 IST">
          <params>
            <param index="0">
              <value>
                <![CDATA[Username1]]>
              </value>
            </param>
            <param index="1">
              <value>
                <![CDATA[Password1]]>
              </value>
            </param>
          </params>
          <reporter-output>
          </reporter-output>
        </test-method> <!-- verifyfacebook -->
        <test-method status="PASS" signature="verifyfacebook(java.lang.String, java.lang.String)[pri:0, instance:excel.Facebook@45afc369]" name="verifyfacebook" duration-ms="20335" started-at="2020-06-05T23:02:49 IST" data-provider="Facebooktestdata" finished-at="2020-06-05T23:03:09 IST">
          <params>
            <param index="0">
              <value>
                <![CDATA[Username2]]>
              </value>
            </param>
            <param index="1">
              <value>
                <![CDATA[Password2]]>
              </value>
            </param>
          </params>
          <reporter-output>
          </reporter-output>
        </test-method> <!-- verifyfacebook -->
      </class> <!-- excel.Facebook -->
    </test> <!-- Default test -->
  </suite> <!-- Default suite -->
</testng-results>
